Arguments: 
  C:\Program Files\nodejs\node.exe C:\Users\User\AppData\Roaming\npm\node_modules\yarn\bin\yarn.js add framer-motion

PATH: 
  C:\Users\User\bin;C:\Program Files\Git\mingw64\bin;C:\Program Files\Git\usr\local\bin;C:\Program Files\Git\usr\bin;C:\Program Files\Git\usr\bin;C:\Program Files\Git\mingw64\bin;C:\Program Files\Git\usr\bin;C:\Users\User\bin;C:\Program Files (x86)\Common Files\Oracle\Java\javapath;C:\WINDOWS\system32;C:\WINDOWS;C:\WINDOWS\System32\Wbem;C:\WINDOWS\System32\WindowsPowerShell\v1.0;C:\WINDOWS\System32\OpenSSH;C:\Users\User\AppData\Local\Programs\Python\Python310;C:\Users\User\AppData\Local\Programs\Python\Python310\Scripts;C:\Program Files\dotnet;C:\Program Files\Git\cmd;C:\MinGW\bin;C:\Program Files\nodejs;C:\Program Files\MongoDB\Server\6.0\bin;C:\Users\User\AppData\Local\Microsoft\WindowsApps;C:\Users\User\AppData\Local\Programs\Microsoft VS Code\bin;C:\Program Files\JetBrains\PyCharm Community Edition 2022.2\bin;C:\Program Files (x86)\nodejs;C:\Users\User\AppData\Roaming\npm;C:\Program Files\mongosh;C:\Program Files\Git\usr\bin\vendor_perl;C:\Program Files\Git\usr\bin\core_perl

Yarn version: 
  1.22.19

Node version: 
  16.16.0

Platform: 
  win32 x64

Trace: 
  Error: connect EHOSTUNREACH 104.16.23.35:443
      at TCPConnectWrap.afterConnect [as oncomplete] (node:net:1187:16)

npm manifest: 
  {
    "name": "first-project",
    "version": "0.1.0",
    "private": true,
    "dependencies": {
      "@emailjs/browser": "^3.11.0",
      "@fortawesome/fontawesome-svg-core": "^6.3.0",
      "@fortawesome/free-regular-svg-icons": "^6.3.0",
      "@fortawesome/free-solid-svg-icons": "^6.3.0",
      "@fortawesome/react-fontawesome": "^0.2.0",
      "@testing-library/jest-dom": "^5.16.5",
      "@testing-library/react": "^13.4.0",
      "@testing-library/user-event": "^13.5.0",
      "clipboard-copy": "^4.0.1",
      "framer-motion": "^10.12.18",
      "react": "^18.2.0",
      "react-dom": "^18.2.0",
      "react-icons": "^4.7.1",
      "react-router-dom": "^6.8.1",
      "react-scripts": "^2.1.3",
      "web-vitals": "^2.1.4"
    },
    "scripts": {
      "start": "react-scripts start",
      "build": "react-scripts build",
      "test": "react-scripts test",
      "eject": "react-scripts eject"
    },
    "eslintConfig": {
      "extends": [
        "react-app",
        "react-app/jest"
      ]
    },
    "browserslist": {
      "production": [
        ">0.2%",
        "not dead",
        "not op_mini all"
      ],
      "development": [
        "last 1 chrome version",
        "last 1 firefox version",
        "last 1 safari version"
      ]
    },
    "main": "index.js",
    "author": "orjinameh <peterstephen22000@gmail.com>",
    "license": "MIT",
    "description": "This project was bootstrapped with [Create React App](https://github.com/facebook/create-react-app)."
  }

yarn manifest: 
  No manifest

Lockfile: 
  No lockfile
